<?xml version="1.0" encoding="UTF-8"?>
<!-- Generated by org.testng.reporters.JUnitXMLReporter -->
<testsuite ignored="0" hostname="DESKTOP-1NV6O7N" failures="4" tests="17" name="Test" time="4.374" errors="0" timestamp="2022-11-26T03:03:29 IST">
  <testcase classname="API_POST_TestCases.POST_Test_Cases" name="TC_01_POST_Connection_Check" time="0.82"/>
  <testcase classname="API_POST_TestCases.POST_Test_Cases" name="TC_02_POST_Check_Response_Text" time="0.021">
    <failure type="java.lang.ClassCastException" message="class java.lang.String cannot be cast to class java.lang.Integer (java.lang.String and java.lang.Integer are in module java.base of loader &amp;apos;bootstrap&amp;apos;)">
      <![CDATA[java.lang.ClassCastException: class java.lang.String cannot be cast to class java.lang.Integer (java.lang.String and java.lang.Integer are in module java.base of loader 'bootstrap')
at API_POST_TestCases.POST_Test_Cases.TC_02_POST_Check_Response_Text(POST_Test_Cases.java:58)
at java.base/java.util.ArrayList.forEach(ArrayList.java:1511)
... Removed 27 stack frames]]>
    </failure>
  </testcase> <!-- TC_02_POST_Check_Response_Text -->
  <testcase classname="API_POST_TestCases.POST_Test_Cases" name="TC_03_POST_Check_Response_Code" time="0.015"/>
  <testcase classname="API_POST_TestCases.POST_Test_Cases" name="TC_04_POST_Check_Response_Time" time="0.065">
    <failure type="java.lang.AssertionError" message="expected [true] but found [false]">
      <![CDATA[java.lang.AssertionError: expected [true] but found [false]
at API_POST_TestCases.POST_Test_Cases.TC_04_POST_Check_Response_Time(POST_Test_Cases.java:86)
at java.base/java.util.ArrayList.forEach(ArrayList.java:1511)
... Removed 33 stack frames]]>
    </failure>
  </testcase> <!-- TC_04_POST_Check_Response_Time -->
  <testcase classname="API_POST_TestCases.POST_Test_Cases" name="TC_05_POST_Check_Session_ID" time="0.009"/>
  <testcase classname="API_POST_TestCases.POST_Test_Cases" name="TC_06_POST_Check_getResponse_string" time="0.116"/>
  <testcase classname="API_GET_TestCases.GET_TEST_CASES" name="TC01_api_connect_check" time="1.027"/>
  <testcase classname="API_GET_TestCases.GET_TEST_CASES" name="TC02_Check_Response_code" time="0.076"/>
  <testcase classname="API_GET_TestCases.GET_TEST_CASES" name="TC03_get_Complete_Response" time="0.122"/>
  <testcase classname="API_GET_TestCases.GET_TEST_CASES" name="TC04_Check_Time_Received" time="0.061"/>
  <testcase classname="API_GET_TestCases.GET_TEST_CASES" name="TC05_Receive_body_as_string" time="0.003">
    <failure type="java.lang.AssertionError" message="expected [true] but found [false]">
      <![CDATA[java.lang.AssertionError: expected [true] but found [false]
at API_GET_TestCases.GET_TEST_CASES.TC05_Receive_body_as_string(GET_TEST_CASES.java:124)
at java.base/java.util.ArrayList.forEach(ArrayList.java:1511)
... Removed 33 stack frames]]>
    </failure>
  </testcase> <!-- TC05_Receive_body_as_string -->
  <testcase classname="API_GET_TestCases.GET_TEST_CASES" name="TC06_Check_session_ID" time="0.003">
    <failure type="java.lang.NullPointerException" message="Cannot invoke &amp;quot;String.isEmpty()&amp;quot; because &amp;quot;sessionID&amp;quot; is null">
      <![CDATA[java.lang.NullPointerException: Cannot invoke "String.isEmpty()" because "sessionID" is null
at API_GET_TestCases.GET_TEST_CASES.TC06_Check_session_ID(GET_TEST_CASES.java:144)
at java.base/java.util.ArrayList.forEach(ArrayList.java:1511)
... Removed 27 stack frames]]>
    </failure>
  </testcase> <!-- TC06_Check_session_ID -->
  <testcase classname="API_PUT_TestCases.PUT_TestCases" name="TC_01_PUT_Connection_check" time="0.516"/>
  <testcase classname="API_PUT_TestCases.PUT_TestCases" name="TC_02_PUT_Connection_Response_check" time="0.005"/>
  <testcase classname="API_PUT_TestCases.PUT_TestCases" name="TC_03_PUT_StatusCode_Check" time="0.002"/>
  <testcase classname="API_PUT_TestCases.PUT_TestCases" name="TC_04_PUT_Response_text_check" time="0.002"/>
  <testcase classname="API_PUT_TestCases.PUT_TestCases" name="TC_05_PUT_Response_Time_Check" time="0.003"/>
</testsuite> <!-- Test -->
