<?xml version="1.0" encoding="UTF-8"?>
<!-- Generated by org.testng.reporters.JUnitXMLReporter -->
<testsuite ignored="0" hostname="DESKTOP-1NV6O7N" failures="2" tests="6" name="Test" time="8.94" errors="0" timestamp="2022-11-25T03:23:11 IST">
  <testcase classname="API_GET_TestCases.GET_TEST_CASES" name="TC01_api_connect_check" time="1.483"/>
  <testcase classname="API_GET_TestCases.GET_TEST_CASES" name="TC02_Check_Response_code" time="0.083"/>
  <testcase classname="API_GET_TestCases.GET_TEST_CASES" name="TC03_get_Complete_Response" time="0.395"/>
  <testcase classname="API_GET_TestCases.GET_TEST_CASES" name="TC04_Check_Time_Received" time="0.067"/>
  <testcase classname="API_GET_TestCases.GET_TEST_CASES" name="TC05_Receive_body_as_string" time="0.038">
    <failure type="java.lang.AssertionError" message="expected [true] but found [false]">
      <![CDATA[java.lang.AssertionError: expected [true] but found [false]
at API_GET_TestCases.GET_TEST_CASES.TC05_Receive_body_as_string(GET_TEST_CASES.java:136)
at java.base/java.util.ArrayList.forEach(ArrayList.java:1511)
... Removed 33 stack frames]]>
    </failure>
  </testcase> <!-- TC05_Receive_body_as_string -->
  <testcase classname="API_GET_TestCases.GET_TEST_CASES" name="TC06_Check_session_ID" time="0.009">
    <failure type="java.lang.NullPointerException" message="Cannot invoke &amp;quot;String.isEmpty()&amp;quot; because &amp;quot;sessionID&amp;quot; is null">
      <![CDATA[java.lang.NullPointerException: Cannot invoke "String.isEmpty()" because "sessionID" is null
at API_GET_TestCases.GET_TEST_CASES.TC06_Check_session_ID(GET_TEST_CASES.java:156)
at java.base/java.util.ArrayList.forEach(ArrayList.java:1511)
... Removed 27 stack frames]]>
    </failure>
  </testcase> <!-- TC06_Check_session_ID -->
</testsuite> <!-- Test -->
